2023-09-20 17:18:44-log: [Package] menu@1.0.0 enable
2023-09-20 17:18:44-log: [Package] profile@1.0.0 enable
2023-09-20 17:18:44-log: [Package] project@1.0.1 enable
2023-09-20 17:18:44-log: [Package] messages@1.0.0 enable
2023-09-20 17:18:44-log: [Package] program@1.0.0 enable
2023-09-20 17:18:44-log: [Package] device@1.0.1 enable
2023-09-20 17:18:44-log: [Package] ui-kit@1.0.1 enable
2023-09-20 17:18:44-log: [Package] tester@1.0.0 enable
2023-09-20 17:18:44-log: [Package] preferences@1.0.0 enable
2023-09-20 17:18:44-warn: The plug-in load has encountered some problems.
  Path: C:\ProgramData\cocos\editors\Creator\3.4.2\resources\app.asar\builtin\engine
2023-09-20 17:18:44-warn: EPERM: operation not permitted, open 'C:\ProgramData\cocos\editors\Creator\3.4.2\resources\resources\3d\engine\bin\.cache\dev\editor\import-map.json'
2023-09-20 17:18:44-log: [Package] engine@1.0.5 enable
2023-09-20 17:18:45-log: [Package] programming@1.0.0 enable
2023-09-20 17:18:46-log: [Package] engine-extends@1.0.0 enable
2023-09-20 17:18:46-log: [Package] asset-db@1.0.0 enable
2023-09-20 17:18:46-log: [Package] console@1.0.0 enable
2023-09-20 17:18:46-log: [Package] scene@1.0.0 enable
2023-09-20 17:18:46-log: [Package] utils@1.0.0 enable
2023-09-20 17:18:46-log: [Package] assets@1.0.0 enable
2023-09-20 17:18:46-log: [Package] inspector@1.0.0 enable
2023-09-20 17:18:46-log: [Package] hierarchy@1.0.0 enable
2023-09-20 17:18:47-log: [Package] preview@1.0.1 enable
2023-09-20 17:18:47-log: [Package] animator@1.0.0 enable
2023-09-20 17:18:48-log: [Package] builder@1.3.1 enable
2023-09-20 17:18:48-log: [Package] node-library@1.0.0 enable
2023-09-20 17:18:48-log: [Package] shortcuts@1.0.1 enable
2023-09-20 17:18:48-log: [Package] package-asset@1.0.0 enable
2023-09-20 17:18:48-log: [Package] reference-image@1.0.0 enable
2023-09-20 17:18:48-log: [Package] animation-graph@1.0.0 enable
2023-09-20 17:18:48-log: [Package] channel-upload-tools@1.0.0 enable
2023-09-20 17:18:48-log: [Package] runtime-dev-tools@1.0.0 enable
2023-09-20 17:18:48-log: [Package] lightmap@1.0.4 enable
2023-09-20 17:18:48-log: [Package] alipay-mini-game@1.0.0 enable
2023-09-20 17:18:48-log: [Package] android@1.0.0 enable
2023-09-20 17:18:48-log: [Package] baidu-mini-game@1.0.0 enable
2023-09-20 17:18:48-log: [Package] bytedance-mini-game@1.0.1 enable
2023-09-20 17:18:48-log: [Package] huawei-agc@1.0.0 enable
2023-09-20 17:18:48-log: [Package] ios@1.0.0 enable
2023-09-20 17:18:48-log: [Package] ios-app-clip@1.0.0 enable
2023-09-20 17:18:48-log: [Package] mac@1.0.0 enable
2023-09-20 17:18:49-log: [Package] native@1.0.0 enable
2023-09-20 17:18:49-log: [Package] ohos@1.0.0 enable
2023-09-20 17:18:49-log: [Package] web-desktop@1.0.0 enable
2023-09-20 17:18:49-log: [Package] web-mobile@1.0.0 enable
2023-09-20 17:18:49-log: [Package] wechatgame@1.0.1 enable
2023-09-20 17:18:49-log: [Package] windows@1.0.0 enable
2023-09-20 17:18:49-log: [Package] xiaomi-quick-game@1.0.0 enable
2023-09-20 17:18:49-log: [Package] cocos-play@1.0.0 enable
2023-09-20 17:18:49-log: [Package] huawei-quick-game@1.0.0 enable
2023-09-20 17:18:49-log: [Package] link-sure@1.0.0 enable
2023-09-20 17:18:49-log: [Package] oppo-mini-game@1.0.0 enable
2023-09-20 17:18:49-log: [Package] qtt@1.0.0 enable
2023-09-20 17:18:49-error: Only the render process has a sendSync method
2023-09-20 17:18:49-log: [Package] vivo-mini-game@1.0.0 enable
2023-09-20 17:18:49-log: [Package] cocos-service@3.0.2 enable
2023-09-20 17:18:49-error: Only the render process has a sendSync method
2023-09-20 17:18:49-log: [Package] importer@1.0.0 enable
2023-09-20 17:18:49-log: [Package] extension@3.0.15 enable
2023-09-20 17:18:50-log: [Im-plugin] Check im-plugin version.
2023-09-20 17:18:50-log: [Package] im-plugin@3.0.8 enable
2023-09-20 17:18:50-error: Only the render process has a sendSync method
2023-09-20 17:18:50-warn: Browserslist: caniuse-lite is outdated. Please run:
npx browserslist@latest --update-db

Why you should do it regularly:
https://github.com/browserslist/browserslist#browsers-data-updating
2023-09-20 17:18:50-log: [Scene] Cocos Creator v3.4.2
2023-09-20 17:18:50-info: [Scene] Forward render pipeline initialized.
2023-09-20 17:18:51-log: [Im-plugin] No online info of im-plugin.
